0 info it worked if it ends with ok
1 verbose cli [ '/usr/local/Cellar/node/5.7.1/bin/node',
1 verbose cli   '/usr/local/bin/npm',
1 verbose cli   'start' ]
2 info using npm@3.6.0
3 info using node@v5.7.1
4 verbose run-script [ 'prestart', 'start', 'poststart' ]
5 info lifecycle clicktocall-node@1.0.0~prestart: clicktocall-node@1.0.0
6 silly lifecycle clicktocall-node@1.0.0~prestart: no script for prestart, continuing
7 info lifecycle clicktocall-node@1.0.0~start: clicktocall-node@1.0.0
8 verbose lifecycle clicktocall-node@1.0.0~start: unsafe-perm in lifecycle true
9 verbose lifecycle clicktocall-node@1.0.0~start: PATH: /usr/local/lib/node_modules/npm/bin/node-gyp-bin:/Users/Julian/Desktop/projects/sudocall/node_modules/.bin:/Users/Julian/.rvm/gems/ruby-2.2.1/bin:/Users/Julian/.rvm/gems/ruby-2.2.1@global/bin:/Users/Julian/.rvm/rubies/ruby-2.2.1/bin:/usr/local/bin:/usr/bin:/bin:/usr/sbin:/sbin:/Users/Julian/.rvm/bin
10 verbose lifecycle clicktocall-node@1.0.0~start: CWD: /Users/Julian/Desktop/projects/sudocall
11 silly lifecycle clicktocall-node@1.0.0~start: Args: [ '-c', 'node routes/index.js' ]
12 silly lifecycle clicktocall-node@1.0.0~start: Returned: code: 1  signal: null
13 info lifecycle clicktocall-node@1.0.0~start: Failed to exec start script
14 verbose stack Error: clicktocall-node@1.0.0 start: `node routes/index.js`
14 verbose stack Exit status 1
14 verbose stack     at EventEmitter.<anonymous> (/usr/local/lib/node_modules/npm/lib/utils/lifecycle.js:232:16)
14 verbose stack     at emitTwo (events.js:100:13)
14 verbose stack     at EventEmitter.emit (events.js:185:7)
14 verbose stack     at ChildProcess.<anonymous> (/usr/local/lib/node_modules/npm/lib/utils/spawn.js:24:14)
14 verbose stack     at emitTwo (events.js:100:13)
14 verbose stack     at ChildProcess.emit (events.js:185:7)
14 verbose stack     at maybeClose (internal/child_process.js:827:16)
14 verbose stack     at Process.ChildProcess._handle.onexit (internal/child_process.js:211:5)
15 verbose pkgid clicktocall-node@1.0.0
16 verbose cwd /Users/Julian/Desktop/projects/sudocall
17 error Darwin 15.6.0
18 error argv "/usr/local/Cellar/node/5.7.1/bin/node" "/usr/local/bin/npm" "start"
19 error node v5.7.1
20 error npm  v3.6.0
21 error code ELIFECYCLE
22 error clicktocall-node@1.0.0 start: `node routes/index.js`
22 error Exit status 1
23 error Failed at the clicktocall-node@1.0.0 start script 'node routes/index.js'.
23 error Make sure you have the latest version of node.js and npm installed.
23 error If you do, this is most likely a problem with the clicktocall-node package,
23 error not with npm itself.
23 error Tell the author that this fails on your system:
23 error     node routes/index.js
23 error You can get information on how to open an issue for this project with:
23 error     npm bugs clicktocall-node
23 error Or if that isn't available, you can get their info via:
23 error     npm owner ls clicktocall-node
23 error There is likely additional logging output above.
24 verbose exit [ 1, true ]
